<?xml version="1.0" encoding="UTF-8"?>
<!-- Generated by org.testng.reporters.JUnitXMLReporter -->
<testsuite ignored="0" hostname="LAPTOP-BJT1NIM6" failures="1" tests="1" name="Error Validation Test" time="3.968" errors="0" timestamp="2023-11-10T22:57:26 IST">
  <testcase classname="Satyagrpid.saiaid.ErrorValidations" name="errorvalidationTest" time="0.567">
    <failure type="java.lang.AssertionError" message="expected [Incorrect email or password.] but found [Incorrect email or password1.]">
      <![CDATA[java.lang.AssertionError: expected [Incorrect email or password.] but found [Incorrect email or password1.]
at Satyagrpid.saiaid.ErrorValidations.errorvalidationTest(ErrorValidations.java:21)
at java.base/java.util.concurrent.ThreadPoolExecutor.runWorker(ThreadPoolExecutor.java:1144)
at java.base/java.util.concurrent.ThreadPoolExecutor$Worker.run(ThreadPoolExecutor.java:642)
at java.base/java.lang.Thread.run(Thread.java:1589)
... Removed 16 stack frames]]>
    </failure>
  </testcase> <!-- errorvalidationTest -->
</testsuite> <!-- Error Validation Test -->
